Performing C SOURCE FILE Test CMAKE_HAVE_LIBC_PTHREAD failed with the following output:
Change Dir: /home/taric/lab7/cmake-build-debug/CMakeFiles/CMakeTmp

Run Build Command(s):/usr/bin/make cmTC_86973/fast && /usr/bin/make  -f CMakeFiles/cmTC_86973.dir/build.make CMakeFiles/cmTC_86973.dir/build
make[1]: вход в каталог «/home/taric/lab7/cmake-build-debug/CMakeFiles/CMakeTmp»
Building C object CMakeFiles/cmTC_86973.dir/src.c.o
/usr/bin/cc   -DCMAKE_HAVE_LIBC_PTHREAD   -o CMakeFiles/cmTC_86973.dir/src.c.o   -c /home/taric/lab7/cmake-build-debug/CMakeFiles/CMakeTmp/src.c
Linking C executable cmTC_86973
/snap/clion/145/bin/cmake/linux/bin/cmake -E cmake_link_script CMakeFiles/cmTC_86973.dir/link.txt --verbose=1
/usr/bin/cc  -DCMAKE_HAVE_LIBC_PTHREAD    CMakeFiles/cmTC_86973.dir/src.c.o  -o cmTC_86973 
/usr/bin/ld: CMakeFiles/cmTC_86973.dir/src.c.o: в функции «main»:
src.c:(.text+0x46): неопределённая ссылка на «pthread_create»
/usr/bin/ld: src.c:(.text+0x52): неопределённая ссылка на «pthread_detach»
/usr/bin/ld: src.c:(.text+0x5e): неопределённая ссылка на «pthread_cancel»
/usr/bin/ld: src.c:(.text+0x6f): неопределённая ссылка на «pthread_join»
collect2: error: ld returned 1 exit status
make[1]: *** [CMakeFiles/cmTC_86973.dir/build.make:107: cmTC_86973] Ошибка 1
make[1]: выход из каталога «/home/taric/lab7/cmake-build-debug/CMakeFiles/CMakeTmp»
make: *** [Makefile:141: cmTC_86973/fast] Ошибка 2


Source file was:
#include <pthread.h>

void* test_func(void* data)
{
  return data;
}

int main(void)
{
  pthread_t thread;
  pthread_create(&thread, NULL, test_func, NULL);
  pthread_detach(thread);
  pthread_cancel(thread);
  pthread_join(thread, NULL);
  pthread_atfork(NULL, NULL, NULL);
  pthread_exit(NULL);

  return 0;
}

Determining if the function pthread_create exists in the pthreads failed with the following output:
Change Dir: /home/taric/lab7/cmake-build-debug/CMakeFiles/CMakeTmp

Run Build Command(s):/usr/bin/make cmTC_cfe48/fast && /usr/bin/make  -f CMakeFiles/cmTC_cfe48.dir/build.make CMakeFiles/cmTC_cfe48.dir/build
make[1]: вход в каталог «/home/taric/lab7/cmake-build-debug/CMakeFiles/CMakeTmp»
Building C object CMakeFiles/cmTC_cfe48.dir/CheckFunctionExists.c.o
/usr/bin/cc   -DCHECK_FUNCTION_EXISTS=pthread_create   -o CMakeFiles/cmTC_cfe48.dir/CheckFunctionExists.c.o   -c /snap/clion/145/bin/cmake/linux/share/cmake-3.17/Modules/CheckFunctionExists.c
Linking C executable cmTC_cfe48
/snap/clion/145/bin/cmake/linux/bin/cmake -E cmake_link_script CMakeFiles/cmTC_cfe48.dir/link.txt --verbose=1
/usr/bin/cc  -DCHECK_FUNCTION_EXISTS=pthread_create    CMakeFiles/cmTC_cfe48.dir/CheckFunctionExists.c.o  -o cmTC_cfe48  -lpthreads 
/usr/bin/ld: невозможно найти -lpthreads
collect2: error: ld returned 1 exit status
make[1]: *** [CMakeFiles/cmTC_cfe48.dir/build.make:107: cmTC_cfe48] Ошибка 1
make[1]: выход из каталога «/home/taric/lab7/cmake-build-debug/CMakeFiles/CMakeTmp»
make: *** [Makefile:141: cmTC_cfe48/fast] Ошибка 2



